<?xml version="1.0" encoding="UTF-8"?>
<!-- Generated by org.testng.reporters.JUnitReportReporter -->
<testsuite hostname="Ramadevi" failures="0" tests="1" name="runner1.DsAlgoRunner" time="5.189" errors="0" timestamp="2023-04-04T12:04:38 EDT" skipped="0">
  <testcase classname="runner1.DsAlgoRunner" name="runScenario" time="5.189"/>
  <system-out/>
</testsuite> <!-- runner1.DsAlgoRunner -->
