<?xml version="1.0" encoding="UTF-8"?>
<!-- Generated by org.testng.reporters.JUnitReportReporter -->
<testsuite hostname="Ramadevi" failures="0" tests="5" name="runner1.DsAlgoRunner" time="15.191" errors="0" timestamp="2023-04-03T11:06:11 EDT" skipped="0">
  <testcase classname="runner1.DsAlgoRunner" name="runScenario" time="5.058"/>
  <system-out/>
  <testcase classname="runner1.DsAlgoRunner" name="runScenario" time="1.684"/>
  <system-out/>
  <testcase classname="runner1.DsAlgoRunner" name="runScenario" time="4.584"/>
  <system-out/>
  <testcase classname="runner1.DsAlgoRunner" name="runScenario" time="1.687"/>
  <system-out/>
  <testcase classname="runner1.DsAlgoRunner" name="runScenario" time="2.178"/>
  <system-out/>
</testsuite> <!-- runner1.DsAlgoRunner -->
